# JRE version: OpenJDK Runtime Environment (17.0.7) (build 17.0.7+0-b2043.56-10550314)
# Java VM: OpenJDK 64-Bit Server VM (17.0.7+0-b2043.56-10550314, mixed mode, tiered, compressed oops, compressed class ptrs, g1 gc, windows-amd64)
GC Precious Log:
 CPUs: 8 total, 8 available
 Memory: 7987M
 Large Page Support: Disabled
 NUMA Support: Disabled
 Compressed Oops: Enabled (32-bit)
 Heap Region Size: 1M
 Heap Min Capacity: 8M
 Heap Initial Capacity: 126M
 Heap Max Capacity: 2G
 Pre-touch: Disabled
 Parallel Workers: 8
 Concurrent Workers: 2
 Concurrent Refinement Workers: 8
 Periodic GC: Disabled
Heap:
 garbage-first heap   total 143360K, used 95020K [0x0000000080000000, 0x0000000100000000)
  region size 1024K, 28 young (28672K), 1 survivors (1024K)
 Metaspace       used 61975K, committed 62592K, reserved 1114112K
  class space    used 8641K, committed 8960K, reserved 1048576K
GC Heap History (20 events):
Event: 35.103 GC heap before
{Heap before GC invocations=13 (full 0):
 garbage-first heap   total 87040K, used 67482K [0x0000000080000000, 0x0000000100000000)
  region size 1024K, 20 young (20480K), 2 survivors (2048K)
 Metaspace       used 37847K, committed 38208K, reserved 1114112K
  class space    used 5250K, committed 5376K, reserved 1048576K
}
Event: 35.108 GC heap after
{Heap after GC invocations=14 (full 0):
 garbage-first heap   total 87040K, used 51391K [0x0000000080000000, 0x0000000100000000)
  region size 1024K, 3 young (3072K), 3 survivors (3072K)
 Metaspace       used 37847K, committed 38208K, reserved 1114112K
  class space    used 5250K, committed 5376K, reserved 1048576K
}
Event: 37.666 GC heap before
{Heap before GC invocations=15 (full 0):
 garbage-first heap   total 91136K, used 67775K [0x0000000080000000, 0x0000000100000000)
  region size 1024K, 20 young (20480K), 3 survivors (3072K)
 Metaspace       used 42240K, committed 42560K, reserved 1114112K
  class space    used 5687K, committed 5824K, reserved 1048576K
}
Event: 37.671 GC heap after
{Heap after GC invocations=16 (full 0):
 garbage-first heap   total 118784K, used 53692K [0x0000000080000000, 0x0000000100000000)
  region size 1024K, 3 young (3072K), 3 survivors (3072K)
 Metaspace       used 42240K, committed 42560K, reserved 1114112K
  class space    used 5687K, committed 5824K, reserved 1048576K
}
Event: 38.087 GC heap before
{Heap before GC invocations=16 (full 0):
 garbage-first heap   total 118784K, used 79292K [0x0000000080000000, 0x0000000100000000)
  region size 1024K, 26 young (26624K), 3 survivors (3072K)
 Metaspace       used 42965K, committed 43328K, reserved 1114112K
  class space    used 5749K, committed 5952K, reserved 1048576K
}
Event: 38.092 GC heap after
{Heap after GC invocations=17 (full 0):
 garbage-first heap   total 118784K, used 57788K [0x0000000080000000, 0x0000000100000000)
  region size 1024K, 5 young (5120K), 5 survivors (5120K)
 Metaspace       used 42965K, committed 43328K, reserved 1114112K
  class space    used 5749K, committed 5952K, reserved 1048576K
}
Event: 41.498 GC heap before
{Heap before GC invocations=17 (full 0):
 garbage-first heap   total 118784K, used 96700K [0x0000000080000000, 0x0000000100000000)
  region size 1024K, 41 young (41984K), 5 survivors (5120K)
 Metaspace       used 47843K, committed 48256K, reserved 1114112K
  class space    used 6367K, committed 6528K, reserved 1048576K
}
Event: 41.503 GC heap after
{Heap after GC invocations=18 (full 0):
 garbage-first heap   total 118784K, used 58809K [0x0000000080000000, 0x0000000100000000)
  region size 1024K, 6 young (6144K), 6 survivors (6144K)
 Metaspace       used 47843K, committed 48256K, reserved 1114112K
  class space    used 6367K, committed 6528K, reserved 1048576K
}
Event: 42.262 GC heap before
{Heap before GC invocations=18 (full 0):
 garbage-first heap   total 118784K, used 65977K [0x0000000080000000, 0x0000000100000000)
  region size 1024K, 14 young (14336K), 6 survivors (6144K)
 Metaspace       used 48098K, committed 48512K, reserved 1114112K
  class space    used 6404K, committed 6592K, reserved 1048576K
}
Event: 42.269 GC heap after
{Heap after GC invocations=19 (full 0):
 garbage-first heap   total 118784K, used 60063K [0x0000000080000000, 0x0000000100000000)
  region size 1024K, 5 young (5120K), 5 survivors (5120K)
 Metaspace       used 48098K, committed 48512K, reserved 1114112K
  class space    used 6404K, committed 6592K, reserved 1048576K
}
Event: 43.667 GC heap before
{Heap before GC invocations=20 (full 0):
 garbage-first heap   total 118784K, used 67231K [0x0000000080000000, 0x0000000100000000)
  region size 1024K, 10 young (10240K), 5 survivors (5120K)
 Metaspace       used 48420K, committed 48832K, reserved 1114112K
  class space    used 6429K, committed 6592K, reserved 1048576K
}
Event: 43.671 GC heap after
{Heap after GC invocations=21 (full 0):
 garbage-first heap   total 118784K, used 64640K [0x0000000080000000, 0x0000000100000000)
  region size 1024K, 3 young (3072K), 3 survivors (3072K)
 Metaspace       used 48420K, committed 48832K, reserved 1114112K
  class space    used 6429K, committed 6592K, reserved 1048576K
}
Event: 53.245 GC heap before
{Heap before GC invocations=22 (full 0):
 garbage-first heap   total 118784K, used 92288K [0x0000000080000000, 0x0000000100000000)
  region size 1024K, 29 young (29696K), 3 survivors (3072K)
 Metaspace       used 50926K, committed 51456K, reserved 1114112K
  class space    used 6689K, committed 6912K, reserved 1048576K
}
Event: 53.249 GC heap after
{Heap after GC invocations=23 (full 0):
 garbage-first heap   total 118784K, used 65805K [0x0000000080000000, 0x0000000100000000)
  region size 1024K, 3 young (3072K), 3 survivors (3072K)
 Metaspace       used 50926K, committed 51456K, reserved 1114112K
  class space    used 6689K, committed 6912K, reserved 1048576K
}
Event: 63.227 GC heap before
{Heap before GC invocations=23 (full 0):
 garbage-first heap   total 118784K, used 92429K [0x0000000080000000, 0x0000000100000000)
  region size 1024K, 29 young (29696K), 3 survivors (3072K)
 Metaspace       used 54899K, committed 55488K, reserved 1114112K
  class space    used 7703K, committed 7936K, reserved 1048576K
}
Event: 63.230 GC heap after
{Heap after GC invocations=24 (full 0):
 garbage-first heap   total 118784K, used 66923K [0x0000000080000000, 0x0000000100000000)
  region size 1024K, 3 young (3072K), 3 survivors (3072K)
 Metaspace       used 54899K, committed 55488K, reserved 1114112K
  class space    used 7703K, committed 7936K, reserved 1048576K
}
Event: 70.688 GC heap before
{Heap before GC invocations=25 (full 0):
 garbage-first heap   total 118784K, used 94571K [0x0000000080000000, 0x0000000100000000)
  region size 1024K, 30 young (30720K), 3 survivors (3072K)
 Metaspace       used 58098K, committed 58688K, reserved 1114112K
  class space    used 8136K, committed 8384K, reserved 1048576K
}
Event: 70.691 GC heap after
{Heap after GC invocations=26 (full 0):
 garbage-first heap   total 143360K, used 68194K [0x0000000080000000, 0x0000000100000000)
  region size 1024K, 3 young (3072K), 3 survivors (3072K)
 Metaspace       used 58098K, committed 58688K, reserved 1114112K
  class space    used 8136K, committed 8384K, reserved 1048576K
}
Event: 70.807 GC heap before
{Heap before GC invocations=26 (full 0):
 garbage-first heap   total 143360K, used 71266K [0x0000000080000000, 0x0000000100000000)
  region size 1024K, 7 young (7168K), 3 survivors (3072K)
 Metaspace       used 58498K, committed 59072K, reserved 1114112K
  class space    used 8191K, committed 8448K, reserved 1048576K
}
Event: 70.809 GC heap after
{Heap after GC invocations=27 (full 0):
 garbage-first heap   total 143360K, used 68396K [0x0000000080000000, 0x0000000100000000)
  region size 1024K, 1 young (1024K), 1 survivors (1024K)
 Metaspace       used 58498K, committed 59072K, reserved 1114112K
  class space    used 8191K, committed 8448K, reserved 1048576K
}

